INFO:root:
Selector: High Level Ordering of Strategies
| Selector: Expansion Strategy: Manifest Destiny
| | Action: take_defenseless_territory
| | Action: attack_with_no_mercy
| Sequence: Aggressive Strategy: Crush All Remaining Resistance
| | Check: have_largest_fleet
| | Action: attack_with_no_mercy
| Sequence: Security Strategy: Cereberus
| | Check: if_under_attack
| | Action: reinforce_with_vengeance
| | Action: retaliate_with_fury
| Action: attack_with_no_mercy

DEBUG:root:Executing:Selector: High Level Ordering of Strategies
DEBUG:root:Executing:Selector: Expansion Strategy: Manifest Destiny
DEBUG:root:Executing:Action: take_defenseless_territory
DEBUG:root:Order:1 3 8.0
DEBUG:root:Result: Action: take_defenseless_territory -> Failure
DEBUG:root:Executing:Action: attack_with_no_mercy
DEBUG:root:Result: Action: attack_with_no_mercy -> Failure
DEBUG:root:Result: Selector: Expansion Strategy: Manifest Destiny -> Failure
DEBUG:root:Executing:Sequence: Aggressive Strategy: Crush All Remaining Resistance
DEBUG:root:Executing:Check: have_largest_fleet
DEBUG:root:Result: Check: have_largest_fleet -> Failure
DEBUG:root:Result: Sequence: Aggressive Strategy: Crush All Remaining Resistance -> Failure
DEBUG:root:Executing:Sequence: Security Strategy: Cereberus
DEBUG:root:Executing:Check: if_under_attack
DEBUG:root:Result: Check: if_under_attack -> Failure
DEBUG:root:Result: Sequence: Security Strategy: Cereberus -> Failure
DEBUG:root:Executing:Action: attack_with_no_mercy
DEBUG:root:Result: Action: attack_with_no_mercy -> Failure
DEBUG:root:Result: Selector: High Level Ordering of Strategies -> Failure
DEBUG:root:Finish turn

DEBUG:root:Executing:Selector: High Level Ordering of Strategies
DEBUG:root:Executing:Selector: Expansion Strategy: Manifest Destiny
DEBUG:root:Executing:Action: take_defenseless_territory
DEBUG:root:Order:1 4 8.0
DEBUG:root:Result: Action: take_defenseless_territory -> Failure
DEBUG:root:Executing:Action: attack_with_no_mercy
DEBUG:root:Order:1 2 86.0
DEBUG:root:Result: Action: attack_with_no_mercy -> Failure
DEBUG:root:Result: Selector: Expansion Strategy: Manifest Destiny -> Failure
DEBUG:root:Executing:Sequence: Aggressive Strategy: Crush All Remaining Resistance
DEBUG:root:Executing:Check: have_largest_fleet
DEBUG:root:Result: Check: have_largest_fleet -> Failure
DEBUG:root:Result: Sequence: Aggressive Strategy: Crush All Remaining Resistance -> Failure
DEBUG:root:Executing:Sequence: Security Strategy: Cereberus
DEBUG:root:Executing:Check: if_under_attack
DEBUG:root:Result: Check: if_under_attack -> Failure
DEBUG:root:Result: Sequence: Security Strategy: Cereberus -> Failure
DEBUG:root:Executing:Action: attack_with_no_mercy
DEBUG:root:Result: Action: attack_with_no_mercy -> Failure
DEBUG:root:Result: Selector: High Level Ordering of Strategies -> Failure
DEBUG:root:Finish turn

DEBUG:root:Executing:Selector: High Level Ordering of Strategies
DEBUG:root:Executing:Selector: Expansion Strategy: Manifest Destiny
DEBUG:root:Executing:Action: take_defenseless_territory
DEBUG:root:Result: Action: take_defenseless_territory -> Failure
DEBUG:root:Executing:Action: attack_with_no_mercy
DEBUG:root:Result: Action: attack_with_no_mercy -> Failure
DEBUG:root:Result: Selector: Expansion Strategy: Manifest Destiny -> Failure
DEBUG:root:Executing:Sequence: Aggressive Strategy: Crush All Remaining Resistance
DEBUG:root:Executing:Check: have_largest_fleet
DEBUG:root:Result: Check: have_largest_fleet -> Failure
DEBUG:root:Result: Sequence: Aggressive Strategy: Crush All Remaining Resistance -> Failure
DEBUG:root:Executing:Sequence: Security Strategy: Cereberus
DEBUG:root:Executing:Check: if_under_attack
DEBUG:root:Result: Check: if_under_attack -> Failure
DEBUG:root:Result: Sequence: Security Strategy: Cereberus -> Failure
DEBUG:root:Executing:Action: attack_with_no_mercy
DEBUG:root:Result: Action: attack_with_no_mercy -> Failure
DEBUG:root:Result: Selector: High Level Ordering of Strategies -> Failure
DEBUG:root:Finish turn

DEBUG:root:Executing:Selector: High Level Ordering of Strategies
DEBUG:root:Executing:Selector: Expansion Strategy: Manifest Destiny
DEBUG:root:Executing:Action: take_defenseless_territory
DEBUG:root:Result: Action: take_defenseless_territory -> Failure
DEBUG:root:Executing:Action: attack_with_no_mercy
DEBUG:root:Result: Action: attack_with_no_mercy -> Failure
DEBUG:root:Result: Selector: Expansion Strategy: Manifest Destiny -> Failure
DEBUG:root:Executing:Sequence: Aggressive Strategy: Crush All Remaining Resistance
DEBUG:root:Executing:Check: have_largest_fleet
DEBUG:root:Result: Check: have_largest_fleet -> Failure
DEBUG:root:Result: Sequence: Aggressive Strategy: Crush All Remaining Resistance -> Failure
DEBUG:root:Executing:Sequence: Security Strategy: Cereberus
DEBUG:root:Executing:Check: if_under_attack
DEBUG:root:Result: Check: if_under_attack -> Failure
DEBUG:root:Result: Sequence: Security Strategy: Cereberus -> Failure
DEBUG:root:Executing:Action: attack_with_no_mercy
DEBUG:root:Result: Action: attack_with_no_mercy -> Failure
DEBUG:root:Result: Selector: High Level Ordering of Strategies -> Failure
DEBUG:root:Finish turn

DEBUG:root:Executing:Selector: High Level Ordering of Strategies
DEBUG:root:Executing:Selector: Expansion Strategy: Manifest Destiny
DEBUG:root:Executing:Action: take_defenseless_territory
DEBUG:root:Result: Action: take_defenseless_territory -> Failure
DEBUG:root:Executing:Action: attack_with_no_mercy
DEBUG:root:Result: Action: attack_with_no_mercy -> Failure
DEBUG:root:Result: Selector: Expansion Strategy: Manifest Destiny -> Failure
DEBUG:root:Executing:Sequence: Aggressive Strategy: Crush All Remaining Resistance
DEBUG:root:Executing:Check: have_largest_fleet
DEBUG:root:Result: Check: have_largest_fleet -> Failure
DEBUG:root:Result: Sequence: Aggressive Strategy: Crush All Remaining Resistance -> Failure
DEBUG:root:Executing:Sequence: Security Strategy: Cereberus
DEBUG:root:Executing:Check: if_under_attack
DEBUG:root:Result: Check: if_under_attack -> Failure
DEBUG:root:Result: Sequence: Security Strategy: Cereberus -> Failure
DEBUG:root:Executing:Action: attack_with_no_mercy
DEBUG:root:Result: Action: attack_with_no_mercy -> Failure
DEBUG:root:Result: Selector: High Level Ordering of Strategies -> Failure
DEBUG:root:Finish turn

DEBUG:root:Executing:Selector: High Level Ordering of Strategies
DEBUG:root:Executing:Selector: Expansion Strategy: Manifest Destiny
DEBUG:root:Executing:Action: take_defenseless_territory
DEBUG:root:Order:1 13 21.0
DEBUG:root:Result: Action: take_defenseless_territory -> Failure
DEBUG:root:Executing:Action: attack_with_no_mercy
DEBUG:root:Result: Action: attack_with_no_mercy -> Failure
DEBUG:root:Result: Selector: Expansion Strategy: Manifest Destiny -> Failure
DEBUG:root:Executing:Sequence: Aggressive Strategy: Crush All Remaining Resistance
DEBUG:root:Executing:Check: have_largest_fleet
DEBUG:root:Result: Check: have_largest_fleet -> Failure
DEBUG:root:Result: Sequence: Aggressive Strategy: Crush All Remaining Resistance -> Failure
DEBUG:root:Executing:Sequence: Security Strategy: Cereberus
DEBUG:root:Executing:Check: if_under_attack
DEBUG:root:Result: Check: if_under_attack -> Failure
DEBUG:root:Result: Sequence: Security Strategy: Cereberus -> Failure
DEBUG:root:Executing:Action: attack_with_no_mercy
DEBUG:root:Result: Action: attack_with_no_mercy -> Failure
DEBUG:root:Result: Selector: High Level Ordering of Strategies -> Failure
DEBUG:root:Finish turn

DEBUG:root:Executing:Selector: High Level Ordering of Strategies
DEBUG:root:Executing:Selector: Expansion Strategy: Manifest Destiny
DEBUG:root:Executing:Action: take_defenseless_territory
DEBUG:root:Result: Action: take_defenseless_territory -> Failure
DEBUG:root:Executing:Action: attack_with_no_mercy
DEBUG:root:Result: Action: attack_with_no_mercy -> Failure
DEBUG:root:Result: Selector: Expansion Strategy: Manifest Destiny -> Failure
DEBUG:root:Executing:Sequence: Aggressive Strategy: Crush All Remaining Resistance
DEBUG:root:Executing:Check: have_largest_fleet
DEBUG:root:Result: Check: have_largest_fleet -> Failure
DEBUG:root:Result: Sequence: Aggressive Strategy: Crush All Remaining Resistance -> Failure
DEBUG:root:Executing:Sequence: Security Strategy: Cereberus
DEBUG:root:Executing:Check: if_under_attack
DEBUG:root:Result: Check: if_under_attack -> Failure
DEBUG:root:Result: Sequence: Security Strategy: Cereberus -> Failure
DEBUG:root:Executing:Action: attack_with_no_mercy
DEBUG:root:Result: Action: attack_with_no_mercy -> Failure
DEBUG:root:Result: Selector: High Level Ordering of Strategies -> Failure
DEBUG:root:Finish turn

DEBUG:root:Executing:Selector: High Level Ordering of Strategies
DEBUG:root:Executing:Selector: Expansion Strategy: Manifest Destiny
DEBUG:root:Executing:Action: take_defenseless_territory
DEBUG:root:Result: Action: take_defenseless_territory -> Failure
DEBUG:root:Executing:Action: attack_with_no_mercy
DEBUG:root:Result: Action: attack_with_no_mercy -> Failure
DEBUG:root:Result: Selector: Expansion Strategy: Manifest Destiny -> Failure
DEBUG:root:Executing:Sequence: Aggressive Strategy: Crush All Remaining Resistance
DEBUG:root:Executing:Check: have_largest_fleet
DEBUG:root:Result: Check: have_largest_fleet -> Failure
DEBUG:root:Result: Sequence: Aggressive Strategy: Crush All Remaining Resistance -> Failure
DEBUG:root:Executing:Sequence: Security Strategy: Cereberus
DEBUG:root:Executing:Check: if_under_attack
DEBUG:root:Result: Check: if_under_attack -> Failure
DEBUG:root:Result: Sequence: Security Strategy: Cereberus -> Failure
DEBUG:root:Executing:Action: attack_with_no_mercy
DEBUG:root:Result: Action: attack_with_no_mercy -> Failure
DEBUG:root:Result: Selector: High Level Ordering of Strategies -> Failure
DEBUG:root:Finish turn

DEBUG:root:Executing:Selector: High Level Ordering of Strategies
DEBUG:root:Executing:Selector: Expansion Strategy: Manifest Destiny
DEBUG:root:Executing:Action: take_defenseless_territory
DEBUG:root:Result: Action: take_defenseless_territory -> Failure
DEBUG:root:Executing:Action: attack_with_no_mercy
DEBUG:root:Result: Action: attack_with_no_mercy -> Failure
DEBUG:root:Result: Selector: Expansion Strategy: Manifest Destiny -> Failure
DEBUG:root:Executing:Sequence: Aggressive Strategy: Crush All Remaining Resistance
DEBUG:root:Executing:Check: have_largest_fleet
DEBUG:root:Result: Check: have_largest_fleet -> Success
DEBUG:root:Executing:Action: attack_with_no_mercy
DEBUG:root:Result: Action: attack_with_no_mercy -> Failure
DEBUG:root:Result: Sequence: Aggressive Strategy: Crush All Remaining Resistance -> Failure
DEBUG:root:Executing:Sequence: Security Strategy: Cereberus
DEBUG:root:Executing:Check: if_under_attack
DEBUG:root:Result: Check: if_under_attack -> Failure
DEBUG:root:Result: Sequence: Security Strategy: Cereberus -> Failure
DEBUG:root:Executing:Action: attack_with_no_mercy
DEBUG:root:Result: Action: attack_with_no_mercy -> Failure
DEBUG:root:Result: Selector: High Level Ordering of Strategies -> Failure
DEBUG:root:Finish turn

DEBUG:root:Executing:Selector: High Level Ordering of Strategies
DEBUG:root:Executing:Selector: Expansion Strategy: Manifest Destiny
DEBUG:root:Executing:Action: take_defenseless_territory
DEBUG:root:Order:1 14 21.0
DEBUG:root:Result: Action: take_defenseless_territory -> Failure
DEBUG:root:Executing:Action: attack_with_no_mercy
DEBUG:root:Result: Action: attack_with_no_mercy -> Failure
DEBUG:root:Result: Selector: Expansion Strategy: Manifest Destiny -> Failure
DEBUG:root:Executing:Sequence: Aggressive Strategy: Crush All Remaining Resistance
DEBUG:root:Executing:Check: have_largest_fleet
DEBUG:root:Result: Check: have_largest_fleet -> Success
DEBUG:root:Executing:Action: attack_with_no_mercy
DEBUG:root:Result: Action: attack_with_no_mercy -> Failure
DEBUG:root:Result: Sequence: Aggressive Strategy: Crush All Remaining Resistance -> Failure
DEBUG:root:Executing:Sequence: Security Strategy: Cereberus
DEBUG:root:Executing:Check: if_under_attack
DEBUG:root:Result: Check: if_under_attack -> Success
DEBUG:root:Executing:Action: reinforce_with_vengeance
DEBUG:root:Bad order:1 1.0 3
DEBUG:root:Bad order:1 1.0 3
DEBUG:root:Result: Action: reinforce_with_vengeance -> Failure
DEBUG:root:Result: Sequence: Security Strategy: Cereberus -> Failure
DEBUG:root:Executing:Action: attack_with_no_mercy
DEBUG:root:Result: Action: attack_with_no_mercy -> Failure
DEBUG:root:Result: Selector: High Level Ordering of Strategies -> Failure
DEBUG:root:Finish turn

DEBUG:root:Executing:Selector: High Level Ordering of Strategies
DEBUG:root:Executing:Selector: Expansion Strategy: Manifest Destiny
DEBUG:root:Executing:Action: take_defenseless_territory
DEBUG:root:Result: Action: take_defenseless_territory -> Failure
DEBUG:root:Executing:Action: attack_with_no_mercy
DEBUG:root:Result: Action: attack_with_no_mercy -> Failure
DEBUG:root:Result: Selector: Expansion Strategy: Manifest Destiny -> Failure
DEBUG:root:Executing:Sequence: Aggressive Strategy: Crush All Remaining Resistance
DEBUG:root:Executing:Check: have_largest_fleet
DEBUG:root:Result: Check: have_largest_fleet -> Success
DEBUG:root:Executing:Action: attack_with_no_mercy
DEBUG:root:Result: Action: attack_with_no_mercy -> Failure
DEBUG:root:Result: Sequence: Aggressive Strategy: Crush All Remaining Resistance -> Failure
DEBUG:root:Executing:Sequence: Security Strategy: Cereberus
DEBUG:root:Executing:Check: if_under_attack
DEBUG:root:Result: Check: if_under_attack -> Success
DEBUG:root:Executing:Action: reinforce_with_vengeance
DEBUG:root:Order:1 2 5
DEBUG:root:Order:1 2 1
DEBUG:root:Result: Action: reinforce_with_vengeance -> Failure
DEBUG:root:Result: Sequence: Security Strategy: Cereberus -> Failure
DEBUG:root:Executing:Action: attack_with_no_mercy
DEBUG:root:Result: Action: attack_with_no_mercy -> Failure
DEBUG:root:Result: Selector: High Level Ordering of Strategies -> Failure
DEBUG:root:Finish turn

DEBUG:root:Executing:Selector: High Level Ordering of Strategies
DEBUG:root:Executing:Selector: Expansion Strategy: Manifest Destiny
DEBUG:root:Executing:Action: take_defenseless_territory
DEBUG:root:Result: Action: take_defenseless_territory -> Failure
DEBUG:root:Executing:Action: attack_with_no_mercy
DEBUG:root:Result: Action: attack_with_no_mercy -> Failure
DEBUG:root:Result: Selector: Expansion Strategy: Manifest Destiny -> Failure
DEBUG:root:Executing:Sequence: Aggressive Strategy: Crush All Remaining Resistance
DEBUG:root:Executing:Check: have_largest_fleet
DEBUG:root:Result: Check: have_largest_fleet -> Success
DEBUG:root:Executing:Action: attack_with_no_mercy
DEBUG:root:Result: Action: attack_with_no_mercy -> Failure
DEBUG:root:Result: Sequence: Aggressive Strategy: Crush All Remaining Resistance -> Failure
DEBUG:root:Executing:Sequence: Security Strategy: Cereberus
DEBUG:root:Executing:Check: if_under_attack
DEBUG:root:Result: Check: if_under_attack -> Success
DEBUG:root:Executing:Action: reinforce_with_vengeance
DEBUG:root:Order:2 4 1
DEBUG:root:Result: Action: reinforce_with_vengeance -> Failure
DEBUG:root:Result: Sequence: Security Strategy: Cereberus -> Failure
DEBUG:root:Executing:Action: attack_with_no_mercy
DEBUG:root:Result: Action: attack_with_no_mercy -> Failure
DEBUG:root:Result: Selector: High Level Ordering of Strategies -> Failure
DEBUG:root:Finish turn

DEBUG:root:Executing:Selector: High Level Ordering of Strategies
DEBUG:root:Executing:Selector: Expansion Strategy: Manifest Destiny
DEBUG:root:Executing:Action: take_defenseless_territory
DEBUG:root:Result: Action: take_defenseless_territory -> Failure
DEBUG:root:Executing:Action: attack_with_no_mercy
DEBUG:root:Result: Action: attack_with_no_mercy -> Failure
DEBUG:root:Result: Selector: Expansion Strategy: Manifest Destiny -> Failure
DEBUG:root:Executing:Sequence: Aggressive Strategy: Crush All Remaining Resistance
DEBUG:root:Executing:Check: have_largest_fleet
DEBUG:root:Result: Check: have_largest_fleet -> Success
DEBUG:root:Executing:Action: attack_with_no_mercy
DEBUG:root:Result: Action: attack_with_no_mercy -> Failure
DEBUG:root:Result: Sequence: Aggressive Strategy: Crush All Remaining Resistance -> Failure
DEBUG:root:Executing:Sequence: Security Strategy: Cereberus
DEBUG:root:Executing:Check: if_under_attack
DEBUG:root:Result: Check: if_under_attack -> Success
DEBUG:root:Executing:Action: reinforce_with_vengeance
DEBUG:root:Order:1 4 1
DEBUG:root:Order:1 4 1
DEBUG:root:Result: Action: reinforce_with_vengeance -> Failure
DEBUG:root:Result: Sequence: Security Strategy: Cereberus -> Failure
DEBUG:root:Executing:Action: attack_with_no_mercy
DEBUG:root:Result: Action: attack_with_no_mercy -> Failure
DEBUG:root:Result: Selector: High Level Ordering of Strategies -> Failure
DEBUG:root:Finish turn

DEBUG:root:Executing:Selector: High Level Ordering of Strategies
DEBUG:root:Executing:Selector: Expansion Strategy: Manifest Destiny
DEBUG:root:Executing:Action: take_defenseless_territory
DEBUG:root:Result: Action: take_defenseless_territory -> Failure
DEBUG:root:Executing:Action: attack_with_no_mercy
DEBUG:root:Order:2 3 28.0
DEBUG:root:Result: Action: attack_with_no_mercy -> Failure
DEBUG:root:Result: Selector: Expansion Strategy: Manifest Destiny -> Failure
DEBUG:root:Executing:Sequence: Aggressive Strategy: Crush All Remaining Resistance
DEBUG:root:Executing:Check: have_largest_fleet
DEBUG:root:Result: Check: have_largest_fleet -> Success
DEBUG:root:Executing:Action: attack_with_no_mercy
DEBUG:root:Result: Action: attack_with_no_mercy -> Failure
DEBUG:root:Result: Sequence: Aggressive Strategy: Crush All Remaining Resistance -> Failure
DEBUG:root:Executing:Sequence: Security Strategy: Cereberus
DEBUG:root:Executing:Check: if_under_attack
DEBUG:root:Result: Check: if_under_attack -> Success
DEBUG:root:Executing:Action: reinforce_with_vengeance
DEBUG:root:Order:1 2 10
DEBUG:root:Bad order:1 3.0 5
DEBUG:root:Result: Action: reinforce_with_vengeance -> Failure
DEBUG:root:Result: Sequence: Security Strategy: Cereberus -> Failure
DEBUG:root:Executing:Action: attack_with_no_mercy
DEBUG:root:Result: Action: attack_with_no_mercy -> Failure
DEBUG:root:Result: Selector: High Level Ordering of Strategies -> Failure
DEBUG:root:Finish turn

DEBUG:root:Executing:Selector: High Level Ordering of Strategies
DEBUG:root:Executing:Selector: Expansion Strategy: Manifest Destiny
DEBUG:root:Executing:Action: take_defenseless_territory
DEBUG:root:Result: Action: take_defenseless_territory -> Failure
DEBUG:root:Executing:Action: attack_with_no_mercy
DEBUG:root:Result: Action: attack_with_no_mercy -> Failure
DEBUG:root:Result: Selector: Expansion Strategy: Manifest Destiny -> Failure
DEBUG:root:Executing:Sequence: Aggressive Strategy: Crush All Remaining Resistance
DEBUG:root:Executing:Check: have_largest_fleet
DEBUG:root:Result: Check: have_largest_fleet -> Success
DEBUG:root:Executing:Action: attack_with_no_mercy
DEBUG:root:Result: Action: attack_with_no_mercy -> Failure
DEBUG:root:Result: Sequence: Aggressive Strategy: Crush All Remaining Resistance -> Failure
DEBUG:root:Executing:Sequence: Security Strategy: Cereberus
DEBUG:root:Executing:Check: if_under_attack
DEBUG:root:Result: Check: if_under_attack -> Success
DEBUG:root:Executing:Action: reinforce_with_vengeance
DEBUG:root:Order:4 13 4
DEBUG:root:Bad order:4 2.0 3
DEBUG:root:Result: Action: reinforce_with_vengeance -> Failure
DEBUG:root:Result: Sequence: Security Strategy: Cereberus -> Failure
DEBUG:root:Executing:Action: attack_with_no_mercy
DEBUG:root:Result: Action: attack_with_no_mercy -> Failure
DEBUG:root:Result: Selector: High Level Ordering of Strategies -> Failure
DEBUG:root:Finish turn

DEBUG:root:Executing:Selector: High Level Ordering of Strategies
DEBUG:root:Executing:Selector: Expansion Strategy: Manifest Destiny
DEBUG:root:Executing:Action: take_defenseless_territory
DEBUG:root:Result: Action: take_defenseless_territory -> Failure
DEBUG:root:Executing:Action: attack_with_no_mercy
DEBUG:root:Result: Action: attack_with_no_mercy -> Failure
DEBUG:root:Result: Selector: Expansion Strategy: Manifest Destiny -> Failure
DEBUG:root:Executing:Sequence: Aggressive Strategy: Crush All Remaining Resistance
DEBUG:root:Executing:Check: have_largest_fleet
DEBUG:root:Result: Check: have_largest_fleet -> Success
DEBUG:root:Executing:Action: attack_with_no_mercy
DEBUG:root:Result: Action: attack_with_no_mercy -> Failure
DEBUG:root:Result: Sequence: Aggressive Strategy: Crush All Remaining Resistance -> Failure
DEBUG:root:Executing:Sequence: Security Strategy: Cereberus
DEBUG:root:Executing:Check: if_under_attack
DEBUG:root:Result: Check: if_under_attack -> Success
DEBUG:root:Executing:Action: reinforce_with_vengeance
DEBUG:root:Order:1 4 2
DEBUG:root:Order:1 2 1
DEBUG:root:Order:1 13 1
DEBUG:root:Result: Action: reinforce_with_vengeance -> Failure
DEBUG:root:Result: Sequence: Security Strategy: Cereberus -> Failure
DEBUG:root:Executing:Action: attack_with_no_mercy
DEBUG:root:Result: Action: attack_with_no_mercy -> Failure
DEBUG:root:Result: Selector: High Level Ordering of Strategies -> Failure
DEBUG:root:Finish turn

DEBUG:root:Executing:Selector: High Level Ordering of Strategies
DEBUG:root:Executing:Selector: Expansion Strategy: Manifest Destiny
DEBUG:root:Executing:Action: take_defenseless_territory
DEBUG:root:Result: Action: take_defenseless_territory -> Failure
DEBUG:root:Executing:Action: attack_with_no_mercy
DEBUG:root:Result: Action: attack_with_no_mercy -> Failure
DEBUG:root:Result: Selector: Expansion Strategy: Manifest Destiny -> Failure
DEBUG:root:Executing:Sequence: Aggressive Strategy: Crush All Remaining Resistance
DEBUG:root:Executing:Check: have_largest_fleet
DEBUG:root:Result: Check: have_largest_fleet -> Success
DEBUG:root:Executing:Action: attack_with_no_mercy
DEBUG:root:Result: Action: attack_with_no_mercy -> Failure
DEBUG:root:Result: Sequence: Aggressive Strategy: Crush All Remaining Resistance -> Failure
DEBUG:root:Executing:Sequence: Security Strategy: Cereberus
DEBUG:root:Executing:Check: if_under_attack
DEBUG:root:Result: Check: if_under_attack -> Failure
DEBUG:root:Result: Sequence: Security Strategy: Cereberus -> Failure
DEBUG:root:Executing:Action: attack_with_no_mercy
DEBUG:root:Result: Action: attack_with_no_mercy -> Failure
DEBUG:root:Result: Selector: High Level Ordering of Strategies -> Failure
DEBUG:root:Finish turn

DEBUG:root:Executing:Selector: High Level Ordering of Strategies
DEBUG:root:Executing:Selector: Expansion Strategy: Manifest Destiny
DEBUG:root:Executing:Action: take_defenseless_territory
DEBUG:root:Result: Action: take_defenseless_territory -> Failure
DEBUG:root:Executing:Action: attack_with_no_mercy
DEBUG:root:Result: Action: attack_with_no_mercy -> Failure
DEBUG:root:Result: Selector: Expansion Strategy: Manifest Destiny -> Failure
DEBUG:root:Executing:Sequence: Aggressive Strategy: Crush All Remaining Resistance
DEBUG:root:Executing:Check: have_largest_fleet
DEBUG:root:Result: Check: have_largest_fleet -> Success
DEBUG:root:Executing:Action: attack_with_no_mercy
DEBUG:root:Result: Action: attack_with_no_mercy -> Failure
DEBUG:root:Result: Sequence: Aggressive Strategy: Crush All Remaining Resistance -> Failure
DEBUG:root:Executing:Sequence: Security Strategy: Cereberus
DEBUG:root:Executing:Check: if_under_attack
DEBUG:root:Result: Check: if_under_attack -> Success
DEBUG:root:Executing:Action: reinforce_with_vengeance
DEBUG:root:Order:1 2 5
DEBUG:root:Order:1 4 2
DEBUG:root:Result: Action: reinforce_with_vengeance -> Failure
DEBUG:root:Result: Sequence: Security Strategy: Cereberus -> Failure
DEBUG:root:Executing:Action: attack_with_no_mercy
DEBUG:root:Result: Action: attack_with_no_mercy -> Failure
DEBUG:root:Result: Selector: High Level Ordering of Strategies -> Failure
DEBUG:root:Finish turn

DEBUG:root:Executing:Selector: High Level Ordering of Strategies
DEBUG:root:Executing:Selector: Expansion Strategy: Manifest Destiny
DEBUG:root:Executing:Action: take_defenseless_territory
DEBUG:root:Result: Action: take_defenseless_territory -> Failure
DEBUG:root:Executing:Action: attack_with_no_mercy
DEBUG:root:Result: Action: attack_with_no_mercy -> Failure
DEBUG:root:Result: Selector: Expansion Strategy: Manifest Destiny -> Failure
DEBUG:root:Executing:Sequence: Aggressive Strategy: Crush All Remaining Resistance
DEBUG:root:Executing:Check: have_largest_fleet
DEBUG:root:Result: Check: have_largest_fleet -> Success
DEBUG:root:Executing:Action: attack_with_no_mercy
DEBUG:root:Result: Action: attack_with_no_mercy -> Failure
DEBUG:root:Result: Sequence: Aggressive Strategy: Crush All Remaining Resistance -> Failure
DEBUG:root:Executing:Sequence: Security Strategy: Cereberus
DEBUG:root:Executing:Check: if_under_attack
DEBUG:root:Result: Check: if_under_attack -> Success
DEBUG:root:Executing:Action: reinforce_with_vengeance
DEBUG:root:Order:1 4 1
DEBUG:root:Order:1 4 1
DEBUG:root:Order:1 13 1
DEBUG:root:Result: Action: reinforce_with_vengeance -> Failure
DEBUG:root:Result: Sequence: Security Strategy: Cereberus -> Failure
DEBUG:root:Executing:Action: attack_with_no_mercy
DEBUG:root:Result: Action: attack_with_no_mercy -> Failure
DEBUG:root:Result: Selector: High Level Ordering of Strategies -> Failure
DEBUG:root:Finish turn

DEBUG:root:Executing:Selector: High Level Ordering of Strategies
DEBUG:root:Executing:Selector: Expansion Strategy: Manifest Destiny
DEBUG:root:Executing:Action: take_defenseless_territory
DEBUG:root:Result: Action: take_defenseless_territory -> Failure
DEBUG:root:Executing:Action: attack_with_no_mercy
DEBUG:root:Result: Action: attack_with_no_mercy -> Failure
DEBUG:root:Result: Selector: Expansion Strategy: Manifest Destiny -> Failure
DEBUG:root:Executing:Sequence: Aggressive Strategy: Crush All Remaining Resistance
DEBUG:root:Executing:Check: have_largest_fleet
DEBUG:root:Result: Check: have_largest_fleet -> Success
DEBUG:root:Executing:Action: attack_with_no_mercy
DEBUG:root:Result: Action: attack_with_no_mercy -> Failure
DEBUG:root:Result: Sequence: Aggressive Strategy: Crush All Remaining Resistance -> Failure
DEBUG:root:Executing:Sequence: Security Strategy: Cereberus
DEBUG:root:Executing:Check: if_under_attack
DEBUG:root:Result: Check: if_under_attack -> Success
DEBUG:root:Executing:Action: reinforce_with_vengeance
DEBUG:root:Order:2 4 2
DEBUG:root:Order:2 13 1
DEBUG:root:Result: Action: reinforce_with_vengeance -> Failure
DEBUG:root:Result: Sequence: Security Strategy: Cereberus -> Failure
DEBUG:root:Executing:Action: attack_with_no_mercy
DEBUG:root:Result: Action: attack_with_no_mercy -> Failure
DEBUG:root:Result: Selector: High Level Ordering of Strategies -> Failure
DEBUG:root:Finish turn

DEBUG:root:Executing:Selector: High Level Ordering of Strategies
DEBUG:root:Executing:Selector: Expansion Strategy: Manifest Destiny
DEBUG:root:Executing:Action: take_defenseless_territory
DEBUG:root:Result: Action: take_defenseless_territory -> Failure
DEBUG:root:Executing:Action: attack_with_no_mercy
DEBUG:root:Result: Action: attack_with_no_mercy -> Failure
DEBUG:root:Result: Selector: Expansion Strategy: Manifest Destiny -> Failure
DEBUG:root:Executing:Sequence: Aggressive Strategy: Crush All Remaining Resistance
DEBUG:root:Executing:Check: have_largest_fleet
DEBUG:root:Result: Check: have_largest_fleet -> Success
DEBUG:root:Executing:Action: attack_with_no_mercy
DEBUG:root:Result: Action: attack_with_no_mercy -> Failure
DEBUG:root:Result: Sequence: Aggressive Strategy: Crush All Remaining Resistance -> Failure
DEBUG:root:Executing:Sequence: Security Strategy: Cereberus
DEBUG:root:Executing:Check: if_under_attack
DEBUG:root:Result: Check: if_under_attack -> Success
DEBUG:root:Executing:Action: reinforce_with_vengeance
DEBUG:root:Order:1 4 2
DEBUG:root:Order:1 13 1
DEBUG:root:Result: Action: reinforce_with_vengeance -> Failure
DEBUG:root:Result: Sequence: Security Strategy: Cereberus -> Failure
DEBUG:root:Executing:Action: attack_with_no_mercy
DEBUG:root:Result: Action: attack_with_no_mercy -> Failure
DEBUG:root:Result: Selector: High Level Ordering of Strategies -> Failure
DEBUG:root:Finish turn

DEBUG:root:Executing:Selector: High Level Ordering of Strategies
DEBUG:root:Executing:Selector: Expansion Strategy: Manifest Destiny
DEBUG:root:Executing:Action: take_defenseless_territory
DEBUG:root:Order:2 17 33.0
DEBUG:root:Result: Action: take_defenseless_territory -> Failure
DEBUG:root:Executing:Action: attack_with_no_mercy
DEBUG:root:Result: Action: attack_with_no_mercy -> Failure
DEBUG:root:Result: Selector: Expansion Strategy: Manifest Destiny -> Failure
DEBUG:root:Executing:Sequence: Aggressive Strategy: Crush All Remaining Resistance
DEBUG:root:Executing:Check: have_largest_fleet
DEBUG:root:Result: Check: have_largest_fleet -> Success
DEBUG:root:Executing:Action: attack_with_no_mercy
DEBUG:root:Result: Action: attack_with_no_mercy -> Failure
DEBUG:root:Result: Sequence: Aggressive Strategy: Crush All Remaining Resistance -> Failure
DEBUG:root:Executing:Sequence: Security Strategy: Cereberus
DEBUG:root:Executing:Check: if_under_attack
DEBUG:root:Result: Check: if_under_attack -> Success
DEBUG:root:Executing:Action: reinforce_with_vengeance
DEBUG:root:Order:1 2 10
DEBUG:root:Order:1 2 9
DEBUG:root:Order:1 3 3
DEBUG:root:Result: Action: reinforce_with_vengeance -> Failure
DEBUG:root:Result: Sequence: Security Strategy: Cereberus -> Failure
DEBUG:root:Executing:Action: attack_with_no_mercy
DEBUG:root:Result: Action: attack_with_no_mercy -> Failure
DEBUG:root:Result: Selector: High Level Ordering of Strategies -> Failure
DEBUG:root:Finish turn

DEBUG:root:Executing:Selector: High Level Ordering of Strategies
DEBUG:root:Executing:Selector: Expansion Strategy: Manifest Destiny
DEBUG:root:Executing:Action: take_defenseless_territory
DEBUG:root:Result: Action: take_defenseless_territory -> Failure
DEBUG:root:Executing:Action: attack_with_no_mercy
DEBUG:root:Result: Action: attack_with_no_mercy -> Failure
DEBUG:root:Result: Selector: Expansion Strategy: Manifest Destiny -> Failure
DEBUG:root:Executing:Sequence: Aggressive Strategy: Crush All Remaining Resistance
DEBUG:root:Executing:Check: have_largest_fleet
DEBUG:root:Result: Check: have_largest_fleet -> Success
DEBUG:root:Executing:Action: attack_with_no_mercy
DEBUG:root:Result: Action: attack_with_no_mercy -> Failure
DEBUG:root:Result: Sequence: Aggressive Strategy: Crush All Remaining Resistance -> Failure
DEBUG:root:Executing:Sequence: Security Strategy: Cereberus
DEBUG:root:Executing:Check: if_under_attack
DEBUG:root:Result: Check: if_under_attack -> Success
DEBUG:root:Executing:Action: reinforce_with_vengeance
DEBUG:root:Order:13 1 6
DEBUG:root:Order:13 1 3
DEBUG:root:Order:13 3 2
DEBUG:root:Result: Action: reinforce_with_vengeance -> Failure
DEBUG:root:Result: Sequence: Security Strategy: Cereberus -> Failure
DEBUG:root:Executing:Action: attack_with_no_mercy
DEBUG:root:Result: Action: attack_with_no_mercy -> Failure
DEBUG:root:Result: Selector: High Level Ordering of Strategies -> Failure
DEBUG:root:Finish turn

DEBUG:root:Executing:Selector: High Level Ordering of Strategies
DEBUG:root:Executing:Selector: Expansion Strategy: Manifest Destiny
DEBUG:root:Executing:Action: take_defenseless_territory
DEBUG:root:Result: Action: take_defenseless_territory -> Failure
DEBUG:root:Executing:Action: attack_with_no_mercy
DEBUG:root:Result: Action: attack_with_no_mercy -> Failure
DEBUG:root:Result: Selector: Expansion Strategy: Manifest Destiny -> Failure
DEBUG:root:Executing:Sequence: Aggressive Strategy: Crush All Remaining Resistance
DEBUG:root:Executing:Check: have_largest_fleet
DEBUG:root:Result: Check: have_largest_fleet -> Success
DEBUG:root:Executing:Action: attack_with_no_mercy
DEBUG:root:Result: Action: attack_with_no_mercy -> Failure
DEBUG:root:Result: Sequence: Aggressive Strategy: Crush All Remaining Resistance -> Failure
DEBUG:root:Executing:Sequence: Security Strategy: Cereberus
DEBUG:root:Executing:Check: if_under_attack
DEBUG:root:Result: Check: if_under_attack -> Success
DEBUG:root:Executing:Action: reinforce_with_vengeance
DEBUG:root:Order:2 14 7
DEBUG:root:Order:2 14 7
DEBUG:root:Order:2 14 3
DEBUG:root:Bad order:2 0.0 2
DEBUG:root:Result: Action: reinforce_with_vengeance -> Failure
DEBUG:root:Result: Sequence: Security Strategy: Cereberus -> Failure
DEBUG:root:Executing:Action: attack_with_no_mercy
DEBUG:root:Result: Action: attack_with_no_mercy -> Failure
DEBUG:root:Result: Selector: High Level Ordering of Strategies -> Failure
DEBUG:root:Finish turn

DEBUG:root:Executing:Selector: High Level Ordering of Strategies
DEBUG:root:Executing:Selector: Expansion Strategy: Manifest Destiny
DEBUG:root:Executing:Action: take_defenseless_territory
DEBUG:root:Result: Action: take_defenseless_territory -> Failure
DEBUG:root:Executing:Action: attack_with_no_mercy
DEBUG:root:Result: Action: attack_with_no_mercy -> Failure
DEBUG:root:Result: Selector: Expansion Strategy: Manifest Destiny -> Failure
DEBUG:root:Executing:Sequence: Aggressive Strategy: Crush All Remaining Resistance
DEBUG:root:Executing:Check: have_largest_fleet
DEBUG:root:Result: Check: have_largest_fleet -> Success
DEBUG:root:Executing:Action: attack_with_no_mercy
DEBUG:root:Result: Action: attack_with_no_mercy -> Failure
DEBUG:root:Result: Sequence: Aggressive Strategy: Crush All Remaining Resistance -> Failure
DEBUG:root:Executing:Sequence: Security Strategy: Cereberus
DEBUG:root:Executing:Check: if_under_attack
DEBUG:root:Result: Check: if_under_attack -> Failure
DEBUG:root:Result: Sequence: Security Strategy: Cereberus -> Failure
DEBUG:root:Executing:Action: attack_with_no_mercy
DEBUG:root:Result: Action: attack_with_no_mercy -> Failure
DEBUG:root:Result: Selector: High Level Ordering of Strategies -> Failure
DEBUG:root:Finish turn

DEBUG:root:Executing:Selector: High Level Ordering of Strategies
DEBUG:root:Executing:Selector: Expansion Strategy: Manifest Destiny
DEBUG:root:Executing:Action: take_defenseless_territory
DEBUG:root:Result: Action: take_defenseless_territory -> Failure
DEBUG:root:Executing:Action: attack_with_no_mercy
DEBUG:root:Result: Action: attack_with_no_mercy -> Failure
DEBUG:root:Result: Selector: Expansion Strategy: Manifest Destiny -> Failure
DEBUG:root:Executing:Sequence: Aggressive Strategy: Crush All Remaining Resistance
DEBUG:root:Executing:Check: have_largest_fleet
DEBUG:root:Result: Check: have_largest_fleet -> Success
DEBUG:root:Executing:Action: attack_with_no_mercy
DEBUG:root:Result: Action: attack_with_no_mercy -> Failure
DEBUG:root:Result: Sequence: Aggressive Strategy: Crush All Remaining Resistance -> Failure
DEBUG:root:Executing:Sequence: Security Strategy: Cereberus
DEBUG:root:Executing:Check: if_under_attack
DEBUG:root:Result: Check: if_under_attack -> Success
DEBUG:root:Executing:Action: reinforce_with_vengeance
DEBUG:root:Order:1 14 4
DEBUG:root:Order:1 13 3
DEBUG:root:Order:1 3 2
DEBUG:root:Result: Action: reinforce_with_vengeance -> Failure
DEBUG:root:Result: Sequence: Security Strategy: Cereberus -> Failure
DEBUG:root:Executing:Action: attack_with_no_mercy
DEBUG:root:Result: Action: attack_with_no_mercy -> Failure
DEBUG:root:Result: Selector: High Level Ordering of Strategies -> Failure
DEBUG:root:Finish turn

DEBUG:root:Executing:Selector: High Level Ordering of Strategies
DEBUG:root:Executing:Selector: Expansion Strategy: Manifest Destiny
DEBUG:root:Executing:Action: take_defenseless_territory
DEBUG:root:Result: Action: take_defenseless_territory -> Failure
DEBUG:root:Executing:Action: attack_with_no_mercy
DEBUG:root:Result: Action: attack_with_no_mercy -> Failure
DEBUG:root:Result: Selector: Expansion Strategy: Manifest Destiny -> Failure
DEBUG:root:Executing:Sequence: Aggressive Strategy: Crush All Remaining Resistance
DEBUG:root:Executing:Check: have_largest_fleet
DEBUG:root:Result: Check: have_largest_fleet -> Success
DEBUG:root:Executing:Action: attack_with_no_mercy
DEBUG:root:Result: Action: attack_with_no_mercy -> Failure
DEBUG:root:Result: Sequence: Aggressive Strategy: Crush All Remaining Resistance -> Failure
DEBUG:root:Executing:Sequence: Security Strategy: Cereberus
DEBUG:root:Executing:Check: if_under_attack
DEBUG:root:Result: Check: if_under_attack -> Success
DEBUG:root:Executing:Action: reinforce_with_vengeance
DEBUG:root:Order:1 3 2
DEBUG:root:Order:1 13 1
DEBUG:root:Order:1 14 1
DEBUG:root:Result: Action: reinforce_with_vengeance -> Failure
DEBUG:root:Result: Sequence: Security Strategy: Cereberus -> Failure
DEBUG:root:Executing:Action: attack_with_no_mercy
DEBUG:root:Result: Action: attack_with_no_mercy -> Failure
DEBUG:root:Result: Selector: High Level Ordering of Strategies -> Failure
DEBUG:root:Finish turn

DEBUG:root:Executing:Selector: High Level Ordering of Strategies
DEBUG:root:Executing:Selector: Expansion Strategy: Manifest Destiny
DEBUG:root:Executing:Action: take_defenseless_territory
DEBUG:root:Result: Action: take_defenseless_territory -> Failure
DEBUG:root:Executing:Action: attack_with_no_mercy
DEBUG:root:Result: Action: attack_with_no_mercy -> Failure
DEBUG:root:Result: Selector: Expansion Strategy: Manifest Destiny -> Failure
DEBUG:root:Executing:Sequence: Aggressive Strategy: Crush All Remaining Resistance
DEBUG:root:Executing:Check: have_largest_fleet
DEBUG:root:Result: Check: have_largest_fleet -> Success
DEBUG:root:Executing:Action: attack_with_no_mercy
DEBUG:root:Result: Action: attack_with_no_mercy -> Failure
DEBUG:root:Result: Sequence: Aggressive Strategy: Crush All Remaining Resistance -> Failure
DEBUG:root:Executing:Sequence: Security Strategy: Cereberus
DEBUG:root:Executing:Check: if_under_attack
DEBUG:root:Result: Check: if_under_attack -> Success
DEBUG:root:Executing:Action: reinforce_with_vengeance
DEBUG:root:Order:1 2 6
DEBUG:root:Order:1 2 6
DEBUG:root:Order:1 2 6
DEBUG:root:Bad order:1 3.0 4
DEBUG:root:Result: Action: reinforce_with_vengeance -> Failure
DEBUG:root:Result: Sequence: Security Strategy: Cereberus -> Failure
DEBUG:root:Executing:Action: attack_with_no_mercy
DEBUG:root:Result: Action: attack_with_no_mercy -> Failure
DEBUG:root:Result: Selector: High Level Ordering of Strategies -> Failure
DEBUG:root:Finish turn

DEBUG:root:Executing:Selector: High Level Ordering of Strategies
DEBUG:root:Executing:Selector: Expansion Strategy: Manifest Destiny
DEBUG:root:Executing:Action: take_defenseless_territory
DEBUG:root:Result: Action: take_defenseless_territory -> Failure
DEBUG:root:Executing:Action: attack_with_no_mercy
DEBUG:root:Result: Action: attack_with_no_mercy -> Failure
DEBUG:root:Result: Selector: Expansion Strategy: Manifest Destiny -> Failure
DEBUG:root:Executing:Sequence: Aggressive Strategy: Crush All Remaining Resistance
DEBUG:root:Executing:Check: have_largest_fleet
DEBUG:root:Result: Check: have_largest_fleet -> Success
DEBUG:root:Executing:Action: attack_with_no_mercy
DEBUG:root:Result: Action: attack_with_no_mercy -> Failure
DEBUG:root:Result: Sequence: Aggressive Strategy: Crush All Remaining Resistance -> Failure
DEBUG:root:Executing:Sequence: Security Strategy: Cereberus
DEBUG:root:Executing:Check: if_under_attack
DEBUG:root:Result: Check: if_under_attack -> Success
DEBUG:root:Executing:Action: reinforce_with_vengeance
DEBUG:root:Order:13 17 7
DEBUG:root:Order:13 17 7
DEBUG:root:Order:13 17 7
DEBUG:root:Bad order:13 3.0 5
DEBUG:root:Result: Action: reinforce_with_vengeance -> Failure
DEBUG:root:Result: Sequence: Security Strategy: Cereberus -> Failure
DEBUG:root:Executing:Action: attack_with_no_mercy
DEBUG:root:Result: Action: attack_with_no_mercy -> Failure
DEBUG:root:Result: Selector: High Level Ordering of Strategies -> Failure
DEBUG:root:Finish turn

DEBUG:root:Executing:Selector: High Level Ordering of Strategies
DEBUG:root:Executing:Selector: Expansion Strategy: Manifest Destiny
DEBUG:root:Executing:Action: take_defenseless_territory
DEBUG:root:Result: Action: take_defenseless_territory -> Failure
DEBUG:root:Executing:Action: attack_with_no_mercy
DEBUG:root:Result: Action: attack_with_no_mercy -> Failure
DEBUG:root:Result: Selector: Expansion Strategy: Manifest Destiny -> Failure
DEBUG:root:Executing:Sequence: Aggressive Strategy: Crush All Remaining Resistance
DEBUG:root:Executing:Check: have_largest_fleet
DEBUG:root:Result: Check: have_largest_fleet -> Success
DEBUG:root:Executing:Action: attack_with_no_mercy
DEBUG:root:Result: Action: attack_with_no_mercy -> Failure
DEBUG:root:Result: Sequence: Aggressive Strategy: Crush All Remaining Resistance -> Failure
DEBUG:root:Executing:Sequence: Security Strategy: Cereberus
DEBUG:root:Executing:Check: if_under_attack
DEBUG:root:Result: Check: if_under_attack -> Success
DEBUG:root:Executing:Action: reinforce_with_vengeance
DEBUG:root:Order:14 13 6
DEBUG:root:Order:14 13 6
DEBUG:root:Bad order:14 1.0 2
DEBUG:root:Bad order:14 1.0 3
DEBUG:root:Order:14 17 1
DEBUG:root:Result: Action: reinforce_with_vengeance -> Failure
DEBUG:root:Result: Sequence: Security Strategy: Cereberus -> Failure
DEBUG:root:Executing:Action: attack_with_no_mercy
DEBUG:root:Result: Action: attack_with_no_mercy -> Failure
DEBUG:root:Result: Selector: High Level Ordering of Strategies -> Failure
DEBUG:root:Finish turn

DEBUG:root:Executing:Selector: High Level Ordering of Strategies
DEBUG:root:Executing:Selector: Expansion Strategy: Manifest Destiny
DEBUG:root:Executing:Action: take_defenseless_territory
DEBUG:root:Result: Action: take_defenseless_territory -> Failure
DEBUG:root:Executing:Action: attack_with_no_mercy
DEBUG:root:Result: Action: attack_with_no_mercy -> Failure
DEBUG:root:Result: Selector: Expansion Strategy: Manifest Destiny -> Failure
DEBUG:root:Executing:Sequence: Aggressive Strategy: Crush All Remaining Resistance
DEBUG:root:Executing:Check: have_largest_fleet
DEBUG:root:Result: Check: have_largest_fleet -> Success
DEBUG:root:Executing:Action: attack_with_no_mercy
DEBUG:root:Result: Action: attack_with_no_mercy -> Failure
DEBUG:root:Result: Sequence: Aggressive Strategy: Crush All Remaining Resistance -> Failure
DEBUG:root:Executing:Sequence: Security Strategy: Cereberus
DEBUG:root:Executing:Check: if_under_attack
DEBUG:root:Result: Check: if_under_attack -> Success
DEBUG:root:Executing:Action: reinforce_with_vengeance
DEBUG:root:Order:2 14 6
DEBUG:root:Order:2 13 2
DEBUG:root:Order:2 1 6
DEBUG:root:Bad order:2 2.0 6
DEBUG:root:Bad order:2 2.0 6
DEBUG:root:Result: Action: reinforce_with_vengeance -> Failure
DEBUG:root:Result: Sequence: Security Strategy: Cereberus -> Failure
DEBUG:root:Executing:Action: attack_with_no_mercy
DEBUG:root:Result: Action: attack_with_no_mercy -> Failure
DEBUG:root:Result: Selector: High Level Ordering of Strategies -> Failure
DEBUG:root:Finish turn

DEBUG:root:Executing:Selector: High Level Ordering of Strategies
DEBUG:root:Executing:Selector: Expansion Strategy: Manifest Destiny
DEBUG:root:Executing:Action: take_defenseless_territory
DEBUG:root:Result: Action: take_defenseless_territory -> Failure
DEBUG:root:Executing:Action: attack_with_no_mercy
DEBUG:root:Result: Action: attack_with_no_mercy -> Failure
DEBUG:root:Result: Selector: Expansion Strategy: Manifest Destiny -> Failure
DEBUG:root:Executing:Sequence: Aggressive Strategy: Crush All Remaining Resistance
DEBUG:root:Executing:Check: have_largest_fleet
DEBUG:root:Result: Check: have_largest_fleet -> Success
DEBUG:root:Executing:Action: attack_with_no_mercy
DEBUG:root:Result: Action: attack_with_no_mercy -> Failure
DEBUG:root:Result: Sequence: Aggressive Strategy: Crush All Remaining Resistance -> Failure
DEBUG:root:Executing:Sequence: Security Strategy: Cereberus
DEBUG:root:Executing:Check: if_under_attack
DEBUG:root:Result: Check: if_under_attack -> Success
DEBUG:root:Executing:Action: reinforce_with_vengeance
DEBUG:root:Order:1 2 5
DEBUG:root:Order:1 13 1
DEBUG:root:Order:1 14 1
DEBUG:root:Order:1 17 1
DEBUG:root:Result: Action: reinforce_with_vengeance -> Failure
DEBUG:root:Result: Sequence: Security Strategy: Cereberus -> Failure
DEBUG:root:Executing:Action: attack_with_no_mercy
DEBUG:root:Result: Action: attack_with_no_mercy -> Failure
DEBUG:root:Result: Selector: High Level Ordering of Strategies -> Failure
DEBUG:root:Finish turn

DEBUG:root:Executing:Selector: High Level Ordering of Strategies
DEBUG:root:Executing:Selector: Expansion Strategy: Manifest Destiny
DEBUG:root:Executing:Action: take_defenseless_territory
DEBUG:root:Result: Action: take_defenseless_territory -> Failure
DEBUG:root:Executing:Action: attack_with_no_mercy
DEBUG:root:Result: Action: attack_with_no_mercy -> Failure
DEBUG:root:Result: Selector: Expansion Strategy: Manifest Destiny -> Failure
DEBUG:root:Executing:Sequence: Aggressive Strategy: Crush All Remaining Resistance
DEBUG:root:Executing:Check: have_largest_fleet
DEBUG:root:Result: Check: have_largest_fleet -> Success
DEBUG:root:Executing:Action: attack_with_no_mercy
DEBUG:root:Result: Action: attack_with_no_mercy -> Failure
DEBUG:root:Result: Sequence: Aggressive Strategy: Crush All Remaining Resistance -> Failure
DEBUG:root:Executing:Sequence: Security Strategy: Cereberus
DEBUG:root:Executing:Check: if_under_attack
DEBUG:root:Result: Check: if_under_attack -> Success
DEBUG:root:Executing:Action: reinforce_with_vengeance
DEBUG:root:Order:1 3 1
DEBUG:root:Order:1 13 1
DEBUG:root:Order:1 14 1
DEBUG:root:Order:1 17 1
DEBUG:root:Result: Action: reinforce_with_vengeance -> Failure
DEBUG:root:Result: Sequence: Security Strategy: Cereberus -> Failure
DEBUG:root:Executing:Action: attack_with_no_mercy
DEBUG:root:Result: Action: attack_with_no_mercy -> Failure
DEBUG:root:Result: Selector: High Level Ordering of Strategies -> Failure
DEBUG:root:Finish turn

