DEBUG:root:Order:2 3 10.0
DEBUG:root:Finish turn

DEBUG:root:Order:2 4 10.0
DEBUG:root:Finish turn

DEBUG:root:Order:2 19 15.0
DEBUG:root:Finish turn

DEBUG:root:Order:2 20 15.0
DEBUG:root:Order:2 4 37
DEBUG:root:Finish turn

DEBUG:root:Order:2 15 20.0
DEBUG:root:Bad order:4 3.0 8
DEBUG:root:Finish turn

DEBUG:root:Order:4 16 20.0
DEBUG:root:Order:2 4 3
DEBUG:root:Finish turn

DEBUG:root:Order:2 4 1
DEBUG:root:Finish turn

DEBUG:root:Order:4 0 26.0
DEBUG:root:Order:2 19 15
DEBUG:root:Order:2 4 7
DEBUG:root:Finish turn

DEBUG:root:Order:2 19 2
DEBUG:root:Order:2 4 1
DEBUG:root:Finish turn

DEBUG:root:Order:2 19 1
DEBUG:root:Order:2 4 2
DEBUG:root:Finish turn

DEBUG:root:Order:2 19 1
DEBUG:root:Finish turn

DEBUG:root:Order:2 15 10
DEBUG:root:Order:4 15 7
DEBUG:root:Order:19 15 4
DEBUG:root:Finish turn

DEBUG:root:Order:2 15 2
DEBUG:root:Order:2 19 1
DEBUG:root:Finish turn

DEBUG:root:Order:2 19 1
DEBUG:root:Order:2 4 2
DEBUG:root:Finish turn

DEBUG:root:Order:2 19 1
DEBUG:root:Finish turn

DEBUG:root:Order:2 19 2
DEBUG:root:Finish turn

DEBUG:root:Order:2 19 3
DEBUG:root:Order:2 4 1
DEBUG:root:Finish turn

DEBUG:root:Order:2 19 1
DEBUG:root:Order:2 4 1
DEBUG:root:Order:15 4 1
DEBUG:root:Finish turn

DEBUG:root:Order:2 19 1
DEBUG:root:Finish turn

DEBUG:root:Order:15 9 40.0
DEBUG:root:Order:2 15 12
DEBUG:root:Order:4 15 9
DEBUG:root:Order:19 15 6
DEBUG:root:Finish turn

DEBUG:root:Order:2 0 6
DEBUG:root:Order:4 0 3
DEBUG:root:Order:19 0 2
DEBUG:root:Order:15 0 1
DEBUG:root:Finish turn

DEBUG:root:Order:2 0 3
DEBUG:root:Order:2 19 1
DEBUG:root:Finish turn

DEBUG:root:Order:2 0 1
DEBUG:root:Order:2 19 1
DEBUG:root:Order:2 4 1
DEBUG:root:Order:15 4 1
DEBUG:root:Finish turn

DEBUG:root:Order:2 0 1
DEBUG:root:Order:2 19 1
DEBUG:root:Finish turn

DEBUG:root:Order:2 0 1
DEBUG:root:Order:15 0 1
DEBUG:root:Order:15 19 1
DEBUG:root:Finish turn

DEBUG:root:Order:2 19 2
DEBUG:root:Order:2 0 1
DEBUG:root:Finish turn

DEBUG:root:Order:15 10 40.0
DEBUG:root:Order:2 20 17
DEBUG:root:Order:4 20 14
DEBUG:root:Order:0 20 1
DEBUG:root:Order:0 15 12
DEBUG:root:Order:19 15 12
DEBUG:root:Finish turn

DEBUG:root:Order:2 16 9
DEBUG:root:Order:4 16 6
DEBUG:root:Order:15 16 6
DEBUG:root:Order:19 16 5
DEBUG:root:Order:0 16 4
DEBUG:root:Order:20 16 4
DEBUG:root:Finish turn

DEBUG:root:Order:2 0 1
DEBUG:root:Order:2 16 1
DEBUG:root:Order:2 19 1
DEBUG:root:Finish turn

DEBUG:root:Order:2 0 1
DEBUG:root:Order:2 19 1
DEBUG:root:Order:2 4 2
DEBUG:root:Finish turn

DEBUG:root:Order:2 0 1
DEBUG:root:Order:2 19 1
DEBUG:root:Finish turn

DEBUG:root:Order:2 0 1
DEBUG:root:Order:2 19 1
DEBUG:root:Finish turn

DEBUG:root:Order:2 0 2
DEBUG:root:Order:2 19 2
DEBUG:root:Finish turn

DEBUG:root:Order:2 0 1
DEBUG:root:Order:2 19 1
DEBUG:root:Finish turn

DEBUG:root:Order:2 9 18
DEBUG:root:Order:4 9 16
DEBUG:root:Order:19 9 14
DEBUG:root:Finish turn

DEBUG:root:Order:2 9 2
DEBUG:root:Order:2 0 1
DEBUG:root:Order:2 19 3
DEBUG:root:Finish turn

DEBUG:root:Order:19 0 1
DEBUG:root:Order:19 9 1
DEBUG:root:Finish turn

DEBUG:root:Order:2 15 8
DEBUG:root:Order:4 15 5
DEBUG:root:Order:9 15 5
DEBUG:root:Order:0 15 3
DEBUG:root:Order:19 15 3
DEBUG:root:Finish turn

DEBUG:root:Order:2 15 1
DEBUG:root:Order:2 0 3
DEBUG:root:Finish turn

DEBUG:root:Order:2 19 1
DEBUG:root:Finish turn

DEBUG:root:Order:2 19 2
DEBUG:root:Order:2 0 3
DEBUG:root:Finish turn

DEBUG:root:Order:0 19 6
DEBUG:root:Order:2 19 6
DEBUG:root:Order:15 19 6
DEBUG:root:Order:4 19 4
DEBUG:root:Finish turn

DEBUG:root:Order:2 19 3
DEBUG:root:Order:2 0 3
DEBUG:root:Order:15 0 1
DEBUG:root:Finish turn

DEBUG:root:Bad order:0 6.0 7
DEBUG:root:Order:15 9 6
DEBUG:root:Order:2 9 5
DEBUG:root:Order:4 9 5
DEBUG:root:Order:19 9 3
DEBUG:root:Finish turn

DEBUG:root:Order:2 10 12
DEBUG:root:Order:15 10 10
DEBUG:root:Order:4 10 9
DEBUG:root:Order:19 10 6
DEBUG:root:Order:19 0 4
DEBUG:root:Finish turn

DEBUG:root:Order:2 19 2
DEBUG:root:Order:2 0 1
DEBUG:root:Order:2 10 3
DEBUG:root:Order:15 10 1
DEBUG:root:Finish turn

DEBUG:root:Order:10 0 2
DEBUG:root:Order:10 19 2
DEBUG:root:Finish turn

DEBUG:root:Order:9 5 46.0
DEBUG:root:Order:2 9 9
DEBUG:root:Order:15 9 8
DEBUG:root:Order:4 9 6
DEBUG:root:Order:0 9 5
DEBUG:root:Order:10 9 5
DEBUG:root:Order:19 9 5
DEBUG:root:Finish turn

DEBUG:root:Order:2 20 5
DEBUG:root:Order:15 20 3
DEBUG:root:Order:4 20 2
DEBUG:root:Order:10 20 2
DEBUG:root:Order:0 20 1
DEBUG:root:Order:19 20 1
DEBUG:root:Finish turn

DEBUG:root:Order:2 20 3
DEBUG:root:Order:15 20 1
DEBUG:root:Finish turn

DEBUG:root:Order:2 20 3
DEBUG:root:Order:15 20 1
DEBUG:root:Order:15 0 1
DEBUG:root:Order:15 19 1
DEBUG:root:Finish turn

DEBUG:root:Order:2 0 1
DEBUG:root:Order:2 19 1
DEBUG:root:Order:2 15 3
DEBUG:root:Finish turn

DEBUG:root:Order:15 0 2
DEBUG:root:Order:15 19 2
DEBUG:root:Finish turn

DEBUG:root:Order:2 0 1
DEBUG:root:Order:2 19 1
DEBUG:root:Order:2 4 3
DEBUG:root:Finish turn

DEBUG:root:Order:4 19 7
DEBUG:root:Order:2 19 6
DEBUG:root:Order:15 19 5
DEBUG:root:Order:9 19 4
DEBUG:root:Order:0 19 3
DEBUG:root:Finish turn

DEBUG:root:Order:2 5 12
DEBUG:root:Order:15 5 10
DEBUG:root:Order:4 5 9
DEBUG:root:Order:9 5 9
DEBUG:root:Order:0 5 8
DEBUG:root:Order:19 5 4
DEBUG:root:Finish turn

DEBUG:root:Order:2 0 1
DEBUG:root:Order:2 19 1
DEBUG:root:Order:2 4 2
DEBUG:root:Finish turn

DEBUG:root:Order:5 0 4
DEBUG:root:Order:2 0 3
DEBUG:root:Order:4 0 3
DEBUG:root:Order:15 0 3
DEBUG:root:Order:9 0 1
DEBUG:root:Finish turn

DEBUG:root:Order:9 6 46.0
DEBUG:root:Order:2 9 9
DEBUG:root:Order:5 9 9
DEBUG:root:Order:15 9 7
DEBUG:root:Order:4 9 6
DEBUG:root:Order:19 9 5
DEBUG:root:Order:0 9 2
DEBUG:root:Finish turn

DEBUG:root:Order:2 0 1
DEBUG:root:Order:2 19 1
DEBUG:root:Order:2 4 2
DEBUG:root:Order:5 4 2
DEBUG:root:Finish turn

DEBUG:root:Order:4 0 2
DEBUG:root:Order:4 19 2
DEBUG:root:Finish turn

DEBUG:root:Order:5 0 2
DEBUG:root:Order:5 4 2
DEBUG:root:Order:5 19 2
DEBUG:root:Finish turn

DEBUG:root:Order:2 0 2
DEBUG:root:Order:2 19 2
DEBUG:root:Order:2 4 1
DEBUG:root:Finish turn

DEBUG:root:Order:5 0 2
DEBUG:root:Order:5 19 2
DEBUG:root:Order:5 4 1
DEBUG:root:Finish turn

DEBUG:root:Order:2 0 2
DEBUG:root:Order:2 19 2
DEBUG:root:Order:2 4 1
DEBUG:root:Finish turn

DEBUG:root:Order:5 11 54.0
DEBUG:root:Order:2 5 10
DEBUG:root:Order:15 5 10
DEBUG:root:Order:4 5 8
DEBUG:root:Order:0 5 7
DEBUG:root:Order:19 5 7
DEBUG:root:Finish turn

DEBUG:root:Order:2 0 1
DEBUG:root:Order:2 19 1
DEBUG:root:Order:2 4 2
DEBUG:root:Order:5 4 1
DEBUG:root:Finish turn

DEBUG:root:Order:4 0 2
DEBUG:root:Order:4 19 2
DEBUG:root:Finish turn

DEBUG:root:Order:2 4 2
DEBUG:root:Order:2 0 1
DEBUG:root:Order:2 19 1
DEBUG:root:Finish turn

DEBUG:root:Order:2 0 1
DEBUG:root:Order:2 19 1
DEBUG:root:Order:2 4 2
DEBUG:root:Order:15 4 2
DEBUG:root:Finish turn

DEBUG:root:Order:19 12 54.0
DEBUG:root:Order:4 19 16
DEBUG:root:Order:2 19 14
DEBUG:root:Order:15 19 12
DEBUG:root:Order:15 0 4
DEBUG:root:Finish turn

DEBUG:root:Order:2 20 11
DEBUG:root:Order:4 20 8
DEBUG:root:Order:15 20 7
DEBUG:root:Order:0 20 6
DEBUG:root:Bad order:19 5.0 6
DEBUG:root:Finish turn

DEBUG:root:Order:2 11 5
DEBUG:root:Order:15 11 3
DEBUG:root:Order:4 11 2
DEBUG:root:Order:0 11 1
DEBUG:root:Finish turn

DEBUG:root:Order:2 11 4
DEBUG:root:Order:15 11 2
DEBUG:root:Order:4 11 1
DEBUG:root:Finish turn

DEBUG:root:Order:2 0 1
DEBUG:root:Order:2 4 2
DEBUG:root:Finish turn

DEBUG:root:Order:19 4 10
DEBUG:root:Order:2 4 4
DEBUG:root:Order:15 4 3
DEBUG:root:Finish turn

DEBUG:root:Order:2 11 4
DEBUG:root:Order:15 11 2
DEBUG:root:Finish turn

DEBUG:root:Order:2 4 1
DEBUG:root:Order:2 0 3
DEBUG:root:Order:15 0 1
DEBUG:root:Finish turn

DEBUG:root:Order:0 19 1
DEBUG:root:Order:2 19 1
DEBUG:root:Order:2 4 1
DEBUG:root:Finish turn

DEBUG:root:Order:2 4 6
DEBUG:root:Order:11 4 6
DEBUG:root:Order:15 4 5
DEBUG:root:Order:0 4 3
DEBUG:root:Order:19 4 2
DEBUG:root:Finish turn

DEBUG:root:Order:2 0 1
DEBUG:root:Order:2 4 1
DEBUG:root:Order:2 19 1
DEBUG:root:Finish turn

DEBUG:root:Order:11 19 10
DEBUG:root:Order:2 19 9
DEBUG:root:Order:15 19 8
DEBUG:root:Order:4 19 6
DEBUG:root:Order:0 19 5
DEBUG:root:Finish turn

DEBUG:root:Order:2 0 1
DEBUG:root:Order:2 19 1
DEBUG:root:Order:2 4 2
DEBUG:root:Order:11 4 1
DEBUG:root:Finish turn

DEBUG:root:Order:4 0 5
DEBUG:root:Order:11 0 5
DEBUG:root:Order:2 0 4
DEBUG:root:Order:15 0 4
DEBUG:root:Order:19 0 1
DEBUG:root:Finish turn

DEBUG:root:Order:2 6 7
DEBUG:root:Order:11 6 6
DEBUG:root:Order:15 6 5
DEBUG:root:Order:4 6 4
DEBUG:root:Order:19 6 2
DEBUG:root:Order:19 0 1
DEBUG:root:Finish turn

DEBUG:root:Order:2 0 2
DEBUG:root:Order:2 19 2
DEBUG:root:Order:2 4 1
DEBUG:root:Finish turn

DEBUG:root:Order:6 0 2
DEBUG:root:Order:6 19 2
DEBUG:root:Order:6 2 1
DEBUG:root:Order:6 4 1
DEBUG:root:Finish turn

DEBUG:root:Order:11 0 2
DEBUG:root:Order:11 19 2
DEBUG:root:Order:11 4 1
DEBUG:root:Finish turn

DEBUG:root:Order:2 0 2
DEBUG:root:Order:2 19 2
DEBUG:root:Order:2 4 1
DEBUG:root:Order:2 11 1
DEBUG:root:Finish turn

DEBUG:root:Order:19 13 62.0
DEBUG:root:Bad order:6 14.0 19
DEBUG:root:Order:11 19 16
DEBUG:root:Order:2 19 15
DEBUG:root:Order:15 19 15
DEBUG:root:Order:0 19 2
DEBUG:root:Order:0 4 13
DEBUG:root:Finish turn

DEBUG:root:Order:6 4 17
DEBUG:root:Bad order:6 2.0 3
DEBUG:root:Order:6 19 2
DEBUG:root:Finish turn

DEBUG:root:Order:12 0 7
DEBUG:root:Order:12 19 4
DEBUG:root:Order:12 4 3
DEBUG:root:Order:12 15 1
DEBUG:root:Finish turn

DEBUG:root:Order:2 6 8
DEBUG:root:Order:11 6 5
DEBUG:root:Order:15 6 3
DEBUG:root:Order:4 6 2
DEBUG:root:Order:19 6 1
DEBUG:root:Finish turn

DEBUG:root:Order:2 6 1
DEBUG:root:Order:2 19 1
DEBUG:root:Order:2 4 2
DEBUG:root:Order:11 4 1
DEBUG:root:Order:12 4 1
DEBUG:root:Finish turn

DEBUG:root:Order:4 20 9
DEBUG:root:Order:6 20 8
DEBUG:root:Order:11 20 8
DEBUG:root:Order:12 20 8
DEBUG:root:Order:2 20 7
DEBUG:root:Order:15 20 7
DEBUG:root:Order:19 20 4
DEBUG:root:Finish turn

DEBUG:root:Order:2 20 2
DEBUG:root:Order:6 20 1
DEBUG:root:Order:6 19 2
DEBUG:root:Order:6 4 1
DEBUG:root:Finish turn

DEBUG:root:Order:2 0 9
DEBUG:root:Order:11 0 9
DEBUG:root:Order:12 0 9
DEBUG:root:Order:15 0 7
DEBUG:root:Order:4 0 6
DEBUG:root:Order:19 0 5
DEBUG:root:Order:20 0 5
DEBUG:root:Finish turn

DEBUG:root:Order:2 0 3
DEBUG:root:Order:11 0 2
DEBUG:root:Order:12 0 1
DEBUG:root:Order:12 19 1
DEBUG:root:Order:12 20 1
DEBUG:root:Finish turn

DEBUG:root:Order:2 0 1
DEBUG:root:Order:2 19 1
DEBUG:root:Order:2 20 1
DEBUG:root:Finish turn

DEBUG:root:Order:11 0 2
DEBUG:root:Order:11 19 2
DEBUG:root:Order:11 20 2
DEBUG:root:Finish turn

DEBUG:root:Order:2 0 2
DEBUG:root:Order:2 11 2
DEBUG:root:Order:2 19 2
DEBUG:root:Order:2 20 2
DEBUG:root:Finish turn

DEBUG:root:Order:19 14 62.0
DEBUG:root:Order:12 19 13
DEBUG:root:Order:15 19 11
DEBUG:root:Order:11 19 10
DEBUG:root:Order:0 19 7
DEBUG:root:Order:2 19 7
DEBUG:root:Order:20 19 7
DEBUG:root:Finish turn

DEBUG:root:Order:2 0 2
DEBUG:root:Order:2 20 2
DEBUG:root:Finish turn

DEBUG:root:Order:12 13 13
DEBUG:root:Bad order:19 9.0 13
DEBUG:root:Order:2 13 11
DEBUG:root:Order:15 13 11
DEBUG:root:Order:0 13 5
DEBUG:root:Order:0 11 9
DEBUG:root:Order:20 11 9
DEBUG:root:Finish turn

DEBUG:root:Order:19 0 6
DEBUG:root:Bad order:19 4.0 6
DEBUG:root:Order:19 20 1
DEBUG:root:Finish turn

DEBUG:root:Order:2 11 3
DEBUG:root:Order:12 11 1
DEBUG:root:Order:13 11 1
DEBUG:root:Order:19 11 1
DEBUG:root:Order:19 20 1
DEBUG:root:Finish turn

DEBUG:root:Order:2 20 2
DEBUG:root:Order:12 20 1
DEBUG:root:Order:13 20 1
DEBUG:root:Order:13 19 1
DEBUG:root:Finish turn

DEBUG:root:Order:2 19 2
DEBUG:root:Order:11 19 1
DEBUG:root:Order:11 20 1
DEBUG:root:Order:12 20 1
DEBUG:root:Order:12 15 1
DEBUG:root:Finish turn

DEBUG:root:Order:2 19 2
DEBUG:root:Order:2 20 2
DEBUG:root:Finish turn

DEBUG:root:Order:13 19 2
DEBUG:root:Order:13 20 2
DEBUG:root:Finish turn

DEBUG:root:Order:2 0 11
DEBUG:root:Order:11 0 11
DEBUG:root:Order:12 0 11
DEBUG:root:Order:15 0 9
DEBUG:root:Order:13 0 8
DEBUG:root:Order:19 0 6
DEBUG:root:Order:20 0 6
DEBUG:root:Finish turn

DEBUG:root:Order:2 14 10
DEBUG:root:Order:11 14 9
DEBUG:root:Order:12 14 9
DEBUG:root:Bad order:13 5.0 9
DEBUG:root:Order:15 14 8
DEBUG:root:Order:19 14 6
DEBUG:root:Order:20 14 6
DEBUG:root:Order:0 14 4
DEBUG:root:Finish turn

DEBUG:root:Bad order:13 9.0 10
DEBUG:root:Order:2 14 2
DEBUG:root:Order:11 14 1
DEBUG:root:Order:12 14 1
DEBUG:root:Finish turn

DEBUG:root:Order:13 14 7
DEBUG:root:Order:13 0 3
DEBUG:root:Order:13 19 3
DEBUG:root:Bad order:13 0.0 3
DEBUG:root:Finish turn

DEBUG:root:Order:2 19 6
DEBUG:root:Order:11 19 4
DEBUG:root:Order:12 19 4
DEBUG:root:Order:12 20 3
DEBUG:root:Order:12 0 4
DEBUG:root:Order:14 0 2
DEBUG:root:Order:15 0 2
DEBUG:root:Order:13 0 1
DEBUG:root:Finish turn

DEBUG:root:Order:0 12 5
DEBUG:root:Order:0 19 2
DEBUG:root:Order:0 20 2
DEBUG:root:Finish turn

DEBUG:root:Order:2 0 4
DEBUG:root:Order:2 19 2
DEBUG:root:Order:2 20 2
DEBUG:root:Finish turn

DEBUG:root:Order:11 20 5
DEBUG:root:Order:13 20 5
DEBUG:root:Order:14 20 5
DEBUG:root:Order:12 20 3
DEBUG:root:Order:15 20 2
DEBUG:root:Order:15 0 2
DEBUG:root:Finish turn

DEBUG:root:Order:14 7 64.0
DEBUG:root:Order:2 14 9
DEBUG:root:Order:11 14 8
DEBUG:root:Order:12 14 8
DEBUG:root:Order:13 14 8
DEBUG:root:Order:0 14 6
DEBUG:root:Order:15 14 5
DEBUG:root:Order:19 14 4
DEBUG:root:Order:20 14 4
DEBUG:root:Finish turn

DEBUG:root:Order:2 14 2
DEBUG:root:Order:2 0 1
DEBUG:root:Order:2 19 1
DEBUG:root:Order:2 20 1
DEBUG:root:Finish turn

DEBUG:root:Order:11 0 2
DEBUG:root:Order:11 19 2
DEBUG:root:Order:11 20 2
DEBUG:root:Order:11 2 2
DEBUG:root:Order:12 2 2
DEBUG:root:Order:13 2 2
DEBUG:root:Finish turn

DEBUG:root:Order:2 11 4
DEBUG:root:Order:2 0 2
DEBUG:root:Order:2 19 2
DEBUG:root:Order:2 20 2
DEBUG:root:Finish turn

DEBUG:root:Order:12 19 8
DEBUG:root:Order:13 19 8
DEBUG:root:Order:14 19 8
DEBUG:root:Order:11 19 6
DEBUG:root:Order:15 19 6
DEBUG:root:Order:15 20 6
DEBUG:root:Order:2 20 5
DEBUG:root:Order:0 20 2
DEBUG:root:Finish turn

DEBUG:root:Order:2 0 6
DEBUG:root:Order:11 0 5
DEBUG:root:Order:12 0 5
DEBUG:root:Order:13 0 5
DEBUG:root:Order:14 0 5
DEBUG:root:Order:19 0 1
DEBUG:root:Order:20 0 1
DEBUG:root:Finish turn

DEBUG:root:Order:2 0 2
DEBUG:root:Order:11 0 1
DEBUG:root:Order:12 0 1
DEBUG:root:Order:13 0 1
DEBUG:root:Order:14 0 1
DEBUG:root:Order:14 15 1
DEBUG:root:Order:14 19 1
DEBUG:root:Order:14 20 1
DEBUG:root:Finish turn

DEBUG:root:Order:2 0 2
DEBUG:root:Order:2 19 2
DEBUG:root:Order:2 20 2
DEBUG:root:Order:2 14 1
DEBUG:root:Order:2 15 2
DEBUG:root:Order:11 15 1
DEBUG:root:Order:12 15 1
DEBUG:root:Order:13 15 1
DEBUG:root:Finish turn

DEBUG:root:Order:15 20 6
DEBUG:root:Order:11 20 3
DEBUG:root:Order:12 20 3
DEBUG:root:Order:12 2 2
DEBUG:root:Order:12 0 3
DEBUG:root:Order:13 0 3
DEBUG:root:Order:14 0 2
DEBUG:root:Finish turn

DEBUG:root:Order:0 12 3
DEBUG:root:Order:0 19 2
DEBUG:root:Order:0 20 2
DEBUG:root:Finish turn

DEBUG:root:Order:2 0 3
DEBUG:root:Order:2 19 2
DEBUG:root:Order:2 20 2
DEBUG:root:Finish turn

DEBUG:root:Order:11 8 64.0
DEBUG:root:Order:13 7 20
DEBUG:root:Order:14 7 20
DEBUG:root:Order:12 7 18
DEBUG:root:Order:15 7 17
DEBUG:root:Order:2 7 15
DEBUG:root:Order:0 7 6
DEBUG:root:Order:0 11 14
DEBUG:root:Order:19 11 14
DEBUG:root:Order:20 11 14
DEBUG:root:Finish turn

DEBUG:root:Order:2 0 3
DEBUG:root:Order:12 0 2
DEBUG:root:Order:13 0 2
DEBUG:root:Order:13 7 2
DEBUG:root:Order:13 19 1
DEBUG:root:Finish turn

DEBUG:root:Order:14 20 9
DEBUG:root:Order:2 20 8
DEBUG:root:Order:12 20 7
DEBUG:root:Order:15 20 7
DEBUG:root:Order:0 20 4
DEBUG:root:Order:7 20 1
DEBUG:root:Order:7 11 4
DEBUG:root:Order:13 11 4
DEBUG:root:Order:19 11 4
DEBUG:root:Finish turn

DEBUG:root:Order:2 7 2
DEBUG:root:Order:2 20 2
DEBUG:root:Order:2 0 1
DEBUG:root:Order:2 11 1
DEBUG:root:Order:2 19 1
DEBUG:root:Finish turn

DEBUG:root:Order:12 0 2
DEBUG:root:Order:12 2 2
DEBUG:root:Order:12 7 2
DEBUG:root:Order:12 19 2
DEBUG:root:Order:12 20 2
DEBUG:root:Finish turn

DEBUG:root:Order:13 12 4
DEBUG:root:Order:14 12 1
DEBUG:root:Order:14 0 1
DEBUG:root:Order:14 7 1
DEBUG:root:Order:14 19 1
DEBUG:root:Order:14 20 1
DEBUG:root:Finish turn

DEBUG:root:Order:2 11 7
DEBUG:root:Order:13 11 4
DEBUG:root:Order:15 11 4
DEBUG:root:Order:12 11 3
DEBUG:root:Order:14 11 3
DEBUG:root:Finish turn

DEBUG:root:Order:19 17 69.0
DEBUG:root:Order:2 19 14
DEBUG:root:Order:12 19 13
DEBUG:root:Order:13 19 13
DEBUG:root:Order:14 19 13
DEBUG:root:Order:15 19 5
DEBUG:root:Order:15 0 12
DEBUG:root:Order:7 0 10
DEBUG:root:Order:11 0 3
DEBUG:root:Finish turn

DEBUG:root:Order:11 8 15
DEBUG:root:Order:2 8 13
DEBUG:root:Order:12 8 12
DEBUG:root:Order:13 8 12
DEBUG:root:Order:14 8 12
DEBUG:root:Order:7 8 9
DEBUG:root:Order:0 8 8
DEBUG:root:Order:19 8 8
DEBUG:root:Order:15 8 6
DEBUG:root:Finish turn

DEBUG:root:Order:2 12 9
DEBUG:root:Order:13 12 8
DEBUG:root:Order:14 12 8
DEBUG:root:Order:15 12 7
DEBUG:root:Order:0 12 5
DEBUG:root:Order:7 12 5
DEBUG:root:Order:19 12 5
DEBUG:root:Order:8 12 2
DEBUG:root:Finish turn

DEBUG:root:Order:2 0 1
DEBUG:root:Order:2 7 1
DEBUG:root:Order:2 8 1
DEBUG:root:Order:2 12 1
DEBUG:root:Order:2 19 1
DEBUG:root:Finish turn

DEBUG:root:Order:13 0 2
DEBUG:root:Order:13 7 2
DEBUG:root:Order:13 8 2
DEBUG:root:Order:13 2 2
DEBUG:root:Order:14 2 2
DEBUG:root:Finish turn

DEBUG:root:Order:12 2 8
DEBUG:root:Order:14 2 8
DEBUG:root:Order:15 2 7
DEBUG:root:Order:0 2 4
DEBUG:root:Order:7 2 4
DEBUG:root:Order:8 2 4
DEBUG:root:Order:13 2 2
DEBUG:root:Finish turn

DEBUG:root:Order:13 2 2
DEBUG:root:Order:14 2 1
DEBUG:root:Order:14 0 2
DEBUG:root:Order:15 0 1
DEBUG:root:Finish turn

DEBUG:root:Order:2 15 9
DEBUG:root:Order:13 15 9
DEBUG:root:Order:0 15 8
DEBUG:root:Order:14 15 8
DEBUG:root:Order:7 15 5
DEBUG:root:Finish turn

DEBUG:root:Order:2 0 1
DEBUG:root:Order:2 7 1
DEBUG:root:Order:2 15 2
DEBUG:root:Order:13 15 1
DEBUG:root:Order:14 15 1
DEBUG:root:Finish turn

DEBUG:root:Bad order:8 10.0 36
DEBUG:root:Order:8 0 4
DEBUG:root:Order:8 7 4
DEBUG:root:Finish turn

DEBUG:root:Bad order:8 3.0 32
DEBUG:root:Order:13 17 1
DEBUG:root:Order:14 17 1
DEBUG:root:Finish turn

DEBUG:root:Bad order:8 12.0 21
DEBUG:root:Order:13 17 3
DEBUG:root:Order:14 17 3
DEBUG:root:Finish turn

DEBUG:root:Order:8 17 19
DEBUG:root:Order:8 0 3
DEBUG:root:Finish turn

DEBUG:root:Order:13 7 4
DEBUG:root:Order:14 7 4
DEBUG:root:Order:17 7 1
DEBUG:root:Order:17 8 2
DEBUG:root:Order:17 0 3
DEBUG:root:Finish turn

DEBUG:root:Order:13 19 14
DEBUG:root:Order:14 19 14
DEBUG:root:Order:0 19 13
DEBUG:root:Order:17 19 12
DEBUG:root:Order:8 19 4
DEBUG:root:Order:8 7 7
DEBUG:root:Finish turn

DEBUG:root:Order:17 7 2
DEBUG:root:Order:17 8 2
DEBUG:root:Order:17 19 2
DEBUG:root:Order:17 0 1
DEBUG:root:Finish turn

DEBUG:root:Order:13 20 11
DEBUG:root:Order:14 20 11
DEBUG:root:Order:0 20 6
DEBUG:root:Order:7 20 6
DEBUG:root:Order:8 20 6
DEBUG:root:Order:17 20 6
DEBUG:root:Order:19 20 6
DEBUG:root:Finish turn

DEBUG:root:Order:17 20 3
DEBUG:root:Order:17 0 1
DEBUG:root:Order:17 7 1
DEBUG:root:Order:17 8 1
DEBUG:root:Order:17 19 1
DEBUG:root:Finish turn

DEBUG:root:Order:13 8 6
DEBUG:root:Order:14 8 6
DEBUG:root:Order:0 8 1
DEBUG:root:Order:7 8 1
DEBUG:root:Order:17 8 1
DEBUG:root:Order:19 8 1
DEBUG:root:Order:20 8 1
DEBUG:root:Finish turn

DEBUG:root:Order:17 8 3
DEBUG:root:Order:17 0 1
DEBUG:root:Order:17 7 1
DEBUG:root:Order:17 19 1
DEBUG:root:Order:17 20 1
DEBUG:root:Finish turn

DEBUG:root:Order:13 0 1
DEBUG:root:Order:13 7 1
DEBUG:root:Order:13 8 1
DEBUG:root:Order:13 17 1
DEBUG:root:Order:13 19 1
DEBUG:root:Order:13 20 1
DEBUG:root:Finish turn

DEBUG:root:Order:14 15 17
DEBUG:root:Order:17 15 14
DEBUG:root:Order:13 15 11
DEBUG:root:Order:0 15 10
DEBUG:root:Order:8 15 10
DEBUG:root:Order:19 15 2
DEBUG:root:Order:19 7 10
DEBUG:root:Order:20 7 10
DEBUG:root:Finish turn

DEBUG:root:Order:17 7 2
DEBUG:root:Order:17 19 2
DEBUG:root:Order:17 0 3
DEBUG:root:Order:13 0 2
DEBUG:root:Order:14 0 2
DEBUG:root:Finish turn

DEBUG:root:Order:13 0 6
DEBUG:root:Order:14 0 6
DEBUG:root:Order:15 0 5
DEBUG:root:Order:17 0 3
DEBUG:root:Order:7 0 2
DEBUG:root:Order:8 0 2
DEBUG:root:Order:19 0 2
DEBUG:root:Order:20 0 2
DEBUG:root:Finish turn

DEBUG:root:Order:17 0 3
DEBUG:root:Order:13 0 2
DEBUG:root:Order:14 0 2
DEBUG:root:Order:15 0 1
DEBUG:root:Order:15 7 1
DEBUG:root:Finish turn

DEBUG:root:Order:17 0 2
DEBUG:root:Order:17 8 2
DEBUG:root:Order:17 19 2
DEBUG:root:Order:17 7 1
DEBUG:root:Finish turn

DEBUG:root:Order:13 0 1
DEBUG:root:Order:13 7 1
DEBUG:root:Order:13 8 1
DEBUG:root:Order:13 17 1
DEBUG:root:Order:13 19 1
DEBUG:root:Finish turn

DEBUG:root:Order:14 0 2
DEBUG:root:Order:14 7 2
DEBUG:root:Order:14 8 2
DEBUG:root:Order:14 19 2
DEBUG:root:Finish turn

DEBUG:root:Order:17 0 1
DEBUG:root:Order:17 7 1
DEBUG:root:Order:17 8 1
DEBUG:root:Order:17 14 1
DEBUG:root:Order:17 19 1
DEBUG:root:Finish turn

DEBUG:root:Order:13 19 12
DEBUG:root:Order:15 19 11
DEBUG:root:Order:17 19 10
DEBUG:root:Order:17 8 11
DEBUG:root:Order:14 8 10
DEBUG:root:Order:0 8 4
DEBUG:root:Finish turn

DEBUG:root:Order:7 17 5
DEBUG:root:Order:0 17 1
DEBUG:root:Order:13 17 1
DEBUG:root:Order:13 8 1
DEBUG:root:Order:13 19 1
DEBUG:root:Finish turn

DEBUG:root:Order:14 8 2
DEBUG:root:Order:14 19 2
DEBUG:root:Order:14 0 1
DEBUG:root:Order:14 7 1
DEBUG:root:Finish turn

DEBUG:root:Order:17 0 1
DEBUG:root:Order:17 7 1
DEBUG:root:Order:17 8 1
DEBUG:root:Order:17 14 1
DEBUG:root:Order:17 19 1
DEBUG:root:Finish turn

DEBUG:root:Order:0 21 76.0
DEBUG:root:Order:13 0 12
DEBUG:root:Order:15 0 11
DEBUG:root:Order:17 0 11
DEBUG:root:Order:14 0 10
DEBUG:root:Order:7 0 7
DEBUG:root:Order:8 0 7
DEBUG:root:Order:19 0 7
DEBUG:root:Finish turn

DEBUG:root:Order:17 0 3
DEBUG:root:Order:13 0 2
DEBUG:root:Order:13 7 1
DEBUG:root:Order:13 8 1
DEBUG:root:Order:13 19 1
DEBUG:root:Finish turn

DEBUG:root:Order:15 22 76.0
DEBUG:root:Order:14 15 13
DEBUG:root:Order:17 15 12
DEBUG:root:Order:0 15 8
DEBUG:root:Order:7 15 8
DEBUG:root:Order:8 15 8
DEBUG:root:Order:13 15 8
DEBUG:root:Order:19 15 8
DEBUG:root:Finish turn

DEBUG:root:Order:17 21 14
DEBUG:root:Order:13 21 13
DEBUG:root:Order:14 21 13
DEBUG:root:Order:15 21 12
DEBUG:root:Order:0 21 10
DEBUG:root:Order:7 21 10
DEBUG:root:Order:8 21 10
DEBUG:root:Bad order:19 0.0 10
DEBUG:root:Finish turn

DEBUG:root:Order:17 21 3
DEBUG:root:Order:19 21 3
DEBUG:root:Order:13 21 2
DEBUG:root:Order:14 21 2
DEBUG:root:Order:15 21 1
DEBUG:root:Finish turn

DEBUG:root:Order:13 17 6
DEBUG:root:Order:14 17 6
DEBUG:root:Order:19 17 3
DEBUG:root:Order:7 17 2
DEBUG:root:Order:8 17 2
DEBUG:root:Finish turn

DEBUG:root:Order:7 14 21
DEBUG:root:Order:8 14 14
DEBUG:root:Order:8 13 21
DEBUG:root:Order:19 13 6
DEBUG:root:Finish turn

DEBUG:root:Bad order:21 9.0 26
DEBUG:root:Bad order:21 9.0 18
DEBUG:root:Bad order:21 9.0 10
DEBUG:root:Bad order:21 9.0 10
DEBUG:root:Finish turn

DEBUG:root:Bad order:21 15.0 24
DEBUG:root:Bad order:21 15.0 16
DEBUG:root:Order:21 13 5
DEBUG:root:Order:21 14 5
DEBUG:root:Finish turn

DEBUG:root:Bad order:21 8.0 23
DEBUG:root:Bad order:21 8.0 15
DEBUG:root:Order:21 19 7
DEBUG:root:Finish turn

DEBUG:root:Order:13 22 17
DEBUG:root:Order:14 22 17
DEBUG:root:Order:19 22 8
DEBUG:root:Order:19 0 4
DEBUG:root:Finish turn

DEBUG:root:Order:14 21 13
DEBUG:root:Order:22 21 11
DEBUG:root:Order:0 21 9
DEBUG:root:Order:19 21 8
DEBUG:root:Finish turn

DEBUG:root:Order:14 0 1
DEBUG:root:Order:14 19 1
DEBUG:root:Finish turn

DEBUG:root:Order:21 0 1
DEBUG:root:Order:21 19 1
DEBUG:root:Finish turn

DEBUG:root:Order:22 0 1
DEBUG:root:Order:22 19 1
DEBUG:root:Finish turn

DEBUG:root:Order:21 0 1
DEBUG:root:Order:21 19 1
DEBUG:root:Finish turn

DEBUG:root:Order:22 0 2
DEBUG:root:Finish turn

DEBUG:root:Finish turn

DEBUG:root:Order:22 0 2
DEBUG:root:Finish turn

DEBUG:root:Order:22 21 31
DEBUG:root:Bad order:0 5.0 24
DEBUG:root:Finish turn

DEBUG:root:Bad order:0 10.0 22
DEBUG:root:Finish turn

DEBUG:root:Bad order:0 8.0 22
DEBUG:root:Finish turn

DEBUG:root:Bad order:0 9.0 11
DEBUG:root:Finish turn

DEBUG:root:Order:0 21 10
DEBUG:root:Finish turn

DEBUG:root:Finish turn

DEBUG:root:Order:21 0 1
DEBUG:root:Finish turn

DEBUG:root:Order:21 0 1
DEBUG:root:Finish turn

DEBUG:root:Finish turn

DEBUG:root:Finish turn

DEBUG:root:Finish turn

DEBUG:root:Finish turn

